<?xml version="1.0" encoding="UTF-8"?>
<!-- Generated by org.testng.reporters.JUnitXMLReporter -->
<testsuite hostname="Rajnishs-MacBook-Pro.local" failures="1" tests="1" name="LocalTest" time="85.412" errors="0" timestamp="2 Sep 2020 09:56:34 GMT">
  <testcase classname="com.browserstack.LocalTest" name="test" time="60.615">
    <failure type="java.lang.AssertionError" message="expected [true] but found [false]">
      <![CDATA[java.lang.AssertionError: expected [true] but found [false]
	at com.browserstack.LocalTest.test(LocalTest.java:12)
... Removed 31 stack frames]]>
    </failure>
  </testcase> <!-- test -->
</testsuite> <!-- LocalTest -->
